<?xml version="1.0" encoding="UTF-8"?>
<!-- Generated by org.testng.reporters.JUnitReportReporter -->
<testsuite hostname="LTIN258487" failures="0" tests="1" name="testCases.TC_login_3_3" time="3.598" errors="0" timestamp="2024-03-22T11:41:57 IST" skipped="0">
  <testcase classname="testCases.TC_login_3_3" name="validateLogin" time="3.598"/>
</testsuite> <!-- testCases.TC_login_3_3 -->
