<?xml version="1.0" encoding="UTF-8"?>
<!-- Generated by org.testng.reporters.JUnitReportReporter -->
<testsuite hostname="LTIN258487" failures="0" tests="1" name="testCases.TC_carModel_2" time="17.783" errors="0" timestamp="2024-03-22T11:41:57 IST" skipped="0">
  <testcase classname="testCases.TC_carModel_2" name="validateCars" time="17.783"/>
</testsuite> <!-- testCases.TC_carModel_2 -->
