<?xml version="1.0" encoding="UTF-8"?>
<!-- Generated by org.testng.reporters.JUnitReportReporter -->
<testsuite hostname="LTIN258487" failures="0" tests="1" name="testCases.TC_login_3_2" time="7.143" errors="0" timestamp="2024-03-22T11:41:57 IST" skipped="0">
  <testcase classname="testCases.TC_login_3_2" name="validateLogin" time="7.143"/>
</testsuite> <!-- testCases.TC_login_3_2 -->
